<?xml version="1.0" encoding="UTF-8" ?>
<testsuite tests="8" failures="2" name="runner.BasicTest" time="0.165" errors="0" skipped="0">
  <properties>
[...]
</properties>
  <testcase classname="Scenario: First scenario" name="Given User open the Browser" time="0.005"/>
  <testcase classname="Scenario: First scenario" name="When User navigate to Google Search page" time="0"/>
  <testcase classname="Scenario: First scenario" name="Then Verify that User is on correct Google Search page" time="0"/>
  <testcase classname="Scenario: First scenario" name="Scenario: First scenario" time="0.141"/>
  <testcase classname="Scenario: Second scenario" name="Given User open the Browser" time="0"/>
  <testcase classname="Scenario: Second scenario" name="When User navigate to Gmail page" time="0"/>
  <testcase classname="Scenario: Second scenario" name="Then Verify that User is on correct Google Search page" time="0.009">
    <failure message="expected:&lt;G[oogle]&gt; but was:&lt;G[mail]&gt;" type="org.junit.ComparisonFailure">org.junit.ComparisonFailure: expected:&lt;G[oogle]&gt; but was:&lt;G[mail]&gt;
	at org.junit.Assert.assertEquals(Assert.java:115)
	at org.junit.Assert.assertEquals(Assert.java:144)
	at steps.BasicStep.verifyThatUserIsOnCorrectGoogleSearchPage(BasicStep.java:31)
	at ✽.Then Verify that User is on correct Google Search page(features/Basic.feature:12)
</failure>
  </testcase>
  <testcase classname="Scenario: Second scenario" name="Scenario: Second scenario" time="0.01">
    <failure message="expected:&lt;G[oogle]&gt; but was:&lt;G[mail]&gt;" type="org.junit.ComparisonFailure">org.junit.ComparisonFailure: expected:&lt;G[oogle]&gt; but was:&lt;G[mail]&gt;
	at org.junit.Assert.assertEquals(Assert.java:115)
	at org.junit.Assert.assertEquals(Assert.java:144)
	at steps.BasicStep.verifyThatUserIsOnCorrectGoogleSearchPage(BasicStep.java:31)
	at ✽.Then Verify that User is on correct Google Search page(features/Basic.feature:12)
</failure>
  </testcase>
</testsuite>